[0.446s] Invoking command in '/home/rizzi/Documentos/GitHub/ponderada-m8/meu_workspace/src/pond_nicola': PS1=(venv) \[\e]0;\u@\h: \w\a\]${debian_chroot:+($debian_chroot)}\[\033[01;32m\]\u@\h\[\033[00m\]:\[\033[01;34m\]\w\[\033[00m\]\$ PYTHONPATH=/home/rizzi/Documentos/GitHub/ponderada-m8/meu_workspace/build/pond_nicola/prefix_override:/home/rizzi/.local/lib/python3.10/site-packages/colcon_core/task/python/colcon_distutils_commands:/home/rizzi/Documentos/GitHub/ponderada-m8/meu_workspace/install/pond_nicola/lib/python3.10/site-packages:${PYTHONPATH} VIRTUAL_ENV_PROMPT=(venv) /usr/bin/python3 -W ignore:setup.py install is deprecated setup.py egg_info --egg-base ../../build/pond_nicola build --build-base /home/rizzi/Documentos/GitHub/ponderada-m8/meu_workspace/build/pond_nicola/build install --record /home/rizzi/Documentos/GitHub/ponderada-m8/meu_workspace/build/pond_nicola/install.log --single-version-externally-managed install_data
[0.594s] running egg_info
[0.595s] writing ../../build/pond_nicola/pond_nicola.egg-info/PKG-INFO
[0.641s] writing dependency_links to ../../build/pond_nicola/pond_nicola.egg-info/dependency_links.txt
[0.641s] writing entry points to ../../build/pond_nicola/pond_nicola.egg-info/entry_points.txt
[0.665s] writing requirements to ../../build/pond_nicola/pond_nicola.egg-info/requires.txt
[0.672s] writing top-level names to ../../build/pond_nicola/pond_nicola.egg-info/top_level.txt
[0.690s] reading manifest file '../../build/pond_nicola/pond_nicola.egg-info/SOURCES.txt'
[0.693s] writing manifest file '../../build/pond_nicola/pond_nicola.egg-info/SOURCES.txt'
[0.697s] running build
[0.697s] running build_py
[0.698s] running install
[0.698s] running install_lib
[0.699s] running install_data
[0.699s] running install_egg_info
[0.701s] removing '/home/rizzi/Documentos/GitHub/ponderada-m8/meu_workspace/install/pond_nicola/lib/python3.10/site-packages/pond_nicola-0.0.0-py3.10.egg-info' (and everything under it)
[0.701s] Copying ../../build/pond_nicola/pond_nicola.egg-info to /home/rizzi/Documentos/GitHub/ponderada-m8/meu_workspace/install/pond_nicola/lib/python3.10/site-packages/pond_nicola-0.0.0-py3.10.egg-info
[0.701s] running install_scripts
[0.717s] writing list of installed files to '/home/rizzi/Documentos/GitHub/ponderada-m8/meu_workspace/build/pond_nicola/install.log'
[0.738s] Invoked command in '/home/rizzi/Documentos/GitHub/ponderada-m8/meu_workspace/src/pond_nicola' returned '0': PS1=(venv) \[\e]0;\u@\h: \w\a\]${debian_chroot:+($debian_chroot)}\[\033[01;32m\]\u@\h\[\033[00m\]:\[\033[01;34m\]\w\[\033[00m\]\$ PYTHONPATH=/home/rizzi/Documentos/GitHub/ponderada-m8/meu_workspace/build/pond_nicola/prefix_override:/home/rizzi/.local/lib/python3.10/site-packages/colcon_core/task/python/colcon_distutils_commands:/home/rizzi/Documentos/GitHub/ponderada-m8/meu_workspace/install/pond_nicola/lib/python3.10/site-packages:${PYTHONPATH} VIRTUAL_ENV_PROMPT=(venv) /usr/bin/python3 -W ignore:setup.py install is deprecated setup.py egg_info --egg-base ../../build/pond_nicola build --build-base /home/rizzi/Documentos/GitHub/ponderada-m8/meu_workspace/build/pond_nicola/build install --record /home/rizzi/Documentos/GitHub/ponderada-m8/meu_workspace/build/pond_nicola/install.log --single-version-externally-managed install_data
