running egg_info
writing ../../build/pond_nicola/pond_nicola.egg-info/PKG-INFO
writing dependency_links to ../../build/pond_nicola/pond_nicola.egg-info/dependency_links.txt
writing entry points to ../../build/pond_nicola/pond_nicola.egg-info/entry_points.txt
writing requirements to ../../build/pond_nicola/pond_nicola.egg-info/requires.txt
writing top-level names to ../../build/pond_nicola/pond_nicola.egg-info/top_level.txt
reading manifest file '../../build/pond_nicola/pond_nicola.egg-info/SOURCES.txt'
writing manifest file '../../build/pond_nicola/pond_nicola.egg-info/SOURCES.txt'
running build
running build_py
running install
running install_lib
running install_data
copying package.xml -> /home/rizzi/Documentos/GitHub/ponderada-m8/meu_workspace/install/pond_nicola/share/pond_nicola
running install_egg_info
removing '/home/rizzi/Documentos/GitHub/ponderada-m8/meu_workspace/install/pond_nicola/lib/python3.10/site-packages/pond_nicola-0.0.0-py3.10.egg-info' (and everything under it)
Copying ../../build/pond_nicola/pond_nicola.egg-info to /home/rizzi/Documentos/GitHub/ponderada-m8/meu_workspace/install/pond_nicola/lib/python3.10/site-packages/pond_nicola-0.0.0-py3.10.egg-info
running install_scripts
Installing pond_nicola script to /home/rizzi/Documentos/GitHub/ponderada-m8/meu_workspace/install/pond_nicola/lib/pond_nicola
writing list of installed files to '/home/rizzi/Documentos/GitHub/ponderada-m8/meu_workspace/build/pond_nicola/install.log'
