[0.454s] Invoking command in '/home/rizzi/Documentos/GitHub/ponderada-m8/meu_workspace/src/pond_nicola': PS1=(venv) \[\e]0;\u@\h: \w\a\]${debian_chroot:+($debian_chroot)}\[\033[01;32m\]\u@\h\[\033[00m\]:\[\033[01;34m\]\w\[\033[00m\]\$ PYTHONPATH=/home/rizzi/Documentos/GitHub/ponderada-m8/meu_workspace/build/pond_nicola/prefix_override:/home/rizzi/.local/lib/python3.10/site-packages/colcon_core/task/python/colcon_distutils_commands:/home/rizzi/Documentos/GitHub/ponderada-m8/meu_workspace/install/pond_nicola/lib/python3.10/site-packages:${PYTHONPATH} VIRTUAL_ENV_PROMPT=(venv) /usr/bin/python3 -W ignore:setup.py install is deprecated setup.py egg_info --egg-base ../../build/pond_nicola build --build-base /home/rizzi/Documentos/GitHub/ponderada-m8/meu_workspace/build/pond_nicola/build install --record /home/rizzi/Documentos/GitHub/ponderada-m8/meu_workspace/build/pond_nicola/install.log --single-version-externally-managed install_data
[0.606s] running egg_info
[0.607s] writing ../../build/pond_nicola/pond_nicola.egg-info/PKG-INFO
[0.607s] writing dependency_links to ../../build/pond_nicola/pond_nicola.egg-info/dependency_links.txt
[0.619s] writing entry points to ../../build/pond_nicola/pond_nicola.egg-info/entry_points.txt
[0.620s] writing requirements to ../../build/pond_nicola/pond_nicola.egg-info/requires.txt
[0.621s] writing top-level names to ../../build/pond_nicola/pond_nicola.egg-info/top_level.txt
[0.623s] reading manifest file '../../build/pond_nicola/pond_nicola.egg-info/SOURCES.txt'
[0.636s] writing manifest file '../../build/pond_nicola/pond_nicola.egg-info/SOURCES.txt'
[0.636s] running build
[0.636s] running build_py
[0.637s] running install
[0.637s] running install_lib
[0.638s] running install_data
[0.638s] copying package.xml -> /home/rizzi/Documentos/GitHub/ponderada-m8/meu_workspace/install/pond_nicola/share/pond_nicola
[0.638s] running install_egg_info
[0.640s] removing '/home/rizzi/Documentos/GitHub/ponderada-m8/meu_workspace/install/pond_nicola/lib/python3.10/site-packages/pond_nicola-0.0.0-py3.10.egg-info' (and everything under it)
[0.640s] Copying ../../build/pond_nicola/pond_nicola.egg-info to /home/rizzi/Documentos/GitHub/ponderada-m8/meu_workspace/install/pond_nicola/lib/python3.10/site-packages/pond_nicola-0.0.0-py3.10.egg-info
[0.641s] running install_scripts
[0.656s] Installing pond_nicola script to /home/rizzi/Documentos/GitHub/ponderada-m8/meu_workspace/install/pond_nicola/lib/pond_nicola
[0.656s] writing list of installed files to '/home/rizzi/Documentos/GitHub/ponderada-m8/meu_workspace/build/pond_nicola/install.log'
[0.673s] Invoked command in '/home/rizzi/Documentos/GitHub/ponderada-m8/meu_workspace/src/pond_nicola' returned '0': PS1=(venv) \[\e]0;\u@\h: \w\a\]${debian_chroot:+($debian_chroot)}\[\033[01;32m\]\u@\h\[\033[00m\]:\[\033[01;34m\]\w\[\033[00m\]\$ PYTHONPATH=/home/rizzi/Documentos/GitHub/ponderada-m8/meu_workspace/build/pond_nicola/prefix_override:/home/rizzi/.local/lib/python3.10/site-packages/colcon_core/task/python/colcon_distutils_commands:/home/rizzi/Documentos/GitHub/ponderada-m8/meu_workspace/install/pond_nicola/lib/python3.10/site-packages:${PYTHONPATH} VIRTUAL_ENV_PROMPT=(venv) /usr/bin/python3 -W ignore:setup.py install is deprecated setup.py egg_info --egg-base ../../build/pond_nicola build --build-base /home/rizzi/Documentos/GitHub/ponderada-m8/meu_workspace/build/pond_nicola/build install --record /home/rizzi/Documentos/GitHub/ponderada-m8/meu_workspace/build/pond_nicola/install.log --single-version-externally-managed install_data
