running egg_info
creating ../../build/pond_nicola/pond_nicola.egg-info
writing ../../build/pond_nicola/pond_nicola.egg-info/PKG-INFO
writing dependency_links to ../../build/pond_nicola/pond_nicola.egg-info/dependency_links.txt
writing entry points to ../../build/pond_nicola/pond_nicola.egg-info/entry_points.txt
writing requirements to ../../build/pond_nicola/pond_nicola.egg-info/requires.txt
writing top-level names to ../../build/pond_nicola/pond_nicola.egg-info/top_level.txt
writing manifest file '../../build/pond_nicola/pond_nicola.egg-info/SOURCES.txt'
reading manifest file '../../build/pond_nicola/pond_nicola.egg-info/SOURCES.txt'
writing manifest file '../../build/pond_nicola/pond_nicola.egg-info/SOURCES.txt'
running build
running build_py
creating /home/rizzi/Documentos/GitHub/ponderada-m8/meu_workspace/build/pond_nicola/build
creating /home/rizzi/Documentos/GitHub/ponderada-m8/meu_workspace/build/pond_nicola/build/lib
creating /home/rizzi/Documentos/GitHub/ponderada-m8/meu_workspace/build/pond_nicola/build/lib/pond_nicola
copying pond_nicola/__init__.py -> /home/rizzi/Documentos/GitHub/ponderada-m8/meu_workspace/build/pond_nicola/build/lib/pond_nicola
copying pond_nicola/main.py -> /home/rizzi/Documentos/GitHub/ponderada-m8/meu_workspace/build/pond_nicola/build/lib/pond_nicola
running install
running install_lib
creating /home/rizzi/Documentos/GitHub/ponderada-m8/meu_workspace/install/pond_nicola/lib/python3.10/site-packages/pond_nicola
copying /home/rizzi/Documentos/GitHub/ponderada-m8/meu_workspace/build/pond_nicola/build/lib/pond_nicola/__init__.py -> /home/rizzi/Documentos/GitHub/ponderada-m8/meu_workspace/install/pond_nicola/lib/python3.10/site-packages/pond_nicola
copying /home/rizzi/Documentos/GitHub/ponderada-m8/meu_workspace/build/pond_nicola/build/lib/pond_nicola/main.py -> /home/rizzi/Documentos/GitHub/ponderada-m8/meu_workspace/install/pond_nicola/lib/python3.10/site-packages/pond_nicola
byte-compiling /home/rizzi/Documentos/GitHub/ponderada-m8/meu_workspace/install/pond_nicola/lib/python3.10/site-packages/pond_nicola/__init__.py to __init__.cpython-310.pyc
byte-compiling /home/rizzi/Documentos/GitHub/ponderada-m8/meu_workspace/install/pond_nicola/lib/python3.10/site-packages/pond_nicola/main.py to main.cpython-310.pyc
running install_data
creating /home/rizzi/Documentos/GitHub/ponderada-m8/meu_workspace/install/pond_nicola/share/ament_index
creating /home/rizzi/Documentos/GitHub/ponderada-m8/meu_workspace/install/pond_nicola/share/ament_index/resource_index
creating /home/rizzi/Documentos/GitHub/ponderada-m8/meu_workspace/install/pond_nicola/share/ament_index/resource_index/packages
copying resource/pond_nicola -> /home/rizzi/Documentos/GitHub/ponderada-m8/meu_workspace/install/pond_nicola/share/ament_index/resource_index/packages
copying package.xml -> /home/rizzi/Documentos/GitHub/ponderada-m8/meu_workspace/install/pond_nicola/share/pond_nicola
running install_egg_info
Copying ../../build/pond_nicola/pond_nicola.egg-info to /home/rizzi/Documentos/GitHub/ponderada-m8/meu_workspace/install/pond_nicola/lib/python3.10/site-packages/pond_nicola-0.0.0-py3.10.egg-info
running install_scripts
writing list of installed files to '/home/rizzi/Documentos/GitHub/ponderada-m8/meu_workspace/build/pond_nicola/install.log'
