[1.925s] Invoking command in '/home/rizzi/Documentos/GitHub/ponderada-m8/meu_workspace/src/pond_nicola': PS1=(venv) \[\e]0;\u@\h: \w\a\]${debian_chroot:+($debian_chroot)}\[\033[01;32m\]\u@\h\[\033[00m\]:\[\033[01;34m\]\w\[\033[00m\]\$ PYTHONPATH=/home/rizzi/Documentos/GitHub/ponderada-m8/meu_workspace/build/pond_nicola/prefix_override:/home/rizzi/.local/lib/python3.10/site-packages/colcon_core/task/python/colcon_distutils_commands:/home/rizzi/Documentos/GitHub/ponderada-m8/meu_workspace/install/pond_nicola/lib/python3.10/site-packages:${PYTHONPATH} VIRTUAL_ENV_PROMPT=(venv) /usr/bin/python3 -W ignore:setup.py install is deprecated setup.py egg_info --egg-base ../../build/pond_nicola build --build-base /home/rizzi/Documentos/GitHub/ponderada-m8/meu_workspace/build/pond_nicola/build install --record /home/rizzi/Documentos/GitHub/ponderada-m8/meu_workspace/build/pond_nicola/install.log --single-version-externally-managed install_data
[2.099s] running egg_info
[2.100s] creating ../../build/pond_nicola/pond_nicola.egg-info
[2.100s] writing ../../build/pond_nicola/pond_nicola.egg-info/PKG-INFO
[2.100s] writing dependency_links to ../../build/pond_nicola/pond_nicola.egg-info/dependency_links.txt
[2.100s] writing entry points to ../../build/pond_nicola/pond_nicola.egg-info/entry_points.txt
[2.100s] writing requirements to ../../build/pond_nicola/pond_nicola.egg-info/requires.txt
[2.100s] writing top-level names to ../../build/pond_nicola/pond_nicola.egg-info/top_level.txt
[2.100s] writing manifest file '../../build/pond_nicola/pond_nicola.egg-info/SOURCES.txt'
[2.101s] reading manifest file '../../build/pond_nicola/pond_nicola.egg-info/SOURCES.txt'
[2.102s] writing manifest file '../../build/pond_nicola/pond_nicola.egg-info/SOURCES.txt'
[2.104s] running build
[2.104s] running build_py
[2.104s] creating /home/rizzi/Documentos/GitHub/ponderada-m8/meu_workspace/build/pond_nicola/build
[2.104s] creating /home/rizzi/Documentos/GitHub/ponderada-m8/meu_workspace/build/pond_nicola/build/lib
[2.104s] creating /home/rizzi/Documentos/GitHub/ponderada-m8/meu_workspace/build/pond_nicola/build/lib/pond_nicola
[2.104s] copying pond_nicola/__init__.py -> /home/rizzi/Documentos/GitHub/ponderada-m8/meu_workspace/build/pond_nicola/build/lib/pond_nicola
[2.104s] copying pond_nicola/main.py -> /home/rizzi/Documentos/GitHub/ponderada-m8/meu_workspace/build/pond_nicola/build/lib/pond_nicola
[2.104s] running install
[2.104s] running install_lib
[2.105s] creating /home/rizzi/Documentos/GitHub/ponderada-m8/meu_workspace/install/pond_nicola/lib/python3.10/site-packages/pond_nicola
[2.105s] copying /home/rizzi/Documentos/GitHub/ponderada-m8/meu_workspace/build/pond_nicola/build/lib/pond_nicola/__init__.py -> /home/rizzi/Documentos/GitHub/ponderada-m8/meu_workspace/install/pond_nicola/lib/python3.10/site-packages/pond_nicola
[2.105s] copying /home/rizzi/Documentos/GitHub/ponderada-m8/meu_workspace/build/pond_nicola/build/lib/pond_nicola/main.py -> /home/rizzi/Documentos/GitHub/ponderada-m8/meu_workspace/install/pond_nicola/lib/python3.10/site-packages/pond_nicola
[2.105s] byte-compiling /home/rizzi/Documentos/GitHub/ponderada-m8/meu_workspace/install/pond_nicola/lib/python3.10/site-packages/pond_nicola/__init__.py to __init__.cpython-310.pyc
[2.105s] byte-compiling /home/rizzi/Documentos/GitHub/ponderada-m8/meu_workspace/install/pond_nicola/lib/python3.10/site-packages/pond_nicola/main.py to main.cpython-310.pyc
[2.105s] running install_data
[2.106s] creating /home/rizzi/Documentos/GitHub/ponderada-m8/meu_workspace/install/pond_nicola/share/ament_index
[2.106s] creating /home/rizzi/Documentos/GitHub/ponderada-m8/meu_workspace/install/pond_nicola/share/ament_index/resource_index
[2.106s] creating /home/rizzi/Documentos/GitHub/ponderada-m8/meu_workspace/install/pond_nicola/share/ament_index/resource_index/packages
[2.106s] copying resource/pond_nicola -> /home/rizzi/Documentos/GitHub/ponderada-m8/meu_workspace/install/pond_nicola/share/ament_index/resource_index/packages
[2.106s] copying package.xml -> /home/rizzi/Documentos/GitHub/ponderada-m8/meu_workspace/install/pond_nicola/share/pond_nicola
[2.106s] running install_egg_info
[2.107s] Copying ../../build/pond_nicola/pond_nicola.egg-info to /home/rizzi/Documentos/GitHub/ponderada-m8/meu_workspace/install/pond_nicola/lib/python3.10/site-packages/pond_nicola-0.0.0-py3.10.egg-info
[2.108s] running install_scripts
[2.124s] writing list of installed files to '/home/rizzi/Documentos/GitHub/ponderada-m8/meu_workspace/build/pond_nicola/install.log'
[2.143s] Invoked command in '/home/rizzi/Documentos/GitHub/ponderada-m8/meu_workspace/src/pond_nicola' returned '0': PS1=(venv) \[\e]0;\u@\h: \w\a\]${debian_chroot:+($debian_chroot)}\[\033[01;32m\]\u@\h\[\033[00m\]:\[\033[01;34m\]\w\[\033[00m\]\$ PYTHONPATH=/home/rizzi/Documentos/GitHub/ponderada-m8/meu_workspace/build/pond_nicola/prefix_override:/home/rizzi/.local/lib/python3.10/site-packages/colcon_core/task/python/colcon_distutils_commands:/home/rizzi/Documentos/GitHub/ponderada-m8/meu_workspace/install/pond_nicola/lib/python3.10/site-packages:${PYTHONPATH} VIRTUAL_ENV_PROMPT=(venv) /usr/bin/python3 -W ignore:setup.py install is deprecated setup.py egg_info --egg-base ../../build/pond_nicola build --build-base /home/rizzi/Documentos/GitHub/ponderada-m8/meu_workspace/build/pond_nicola/build install --record /home/rizzi/Documentos/GitHub/ponderada-m8/meu_workspace/build/pond_nicola/install.log --single-version-externally-managed install_data
